[LOG] System::create                           : Header version = 2.02.18. Current version = 2.02.18.
[LOG] Manager::init                            : maxchannels = 256 studioflags = 00000006 flags 00000000 extradriverdata 0000000000000000.
[LOG] SystemI::init                            : Initialize version=20218 (137105), maxchannels=256, flags=0x00020000
[LOG] SystemI::setOutputInternal               : Setting output to 'FMOD WASAPI Output'
[LOG] OutputWASAPI::init                       : Mix Format (WAVEFORMATEX): wFormatTag=0xFFFE, nChannels=2, nSamplesPerSec=48000, nAvgBytesPerSec=384000, nBlockAlign=8, wBitsPerSample=32, cbSize=22.
[LOG] OutputWASAPI::init                       : Mix Format (WAVEFORMATEXTENSIBLE): wValidBitsPerSample=32, dwChannelMask=0x00000003, SubFormat=00000003-0000-0010-8000-00AA00389B71.
[LOG] OutputWASAPI::init                       : Output buffer size: 4096 samples, latency: 0.00ms, period: 10.00ms, DSP buffer: 1024 * 4
[LOG] Thread::initThread                       : Init FMOD stream thread. Affinity: 0x4000000000000003, Priority: 0xFFFF7FFB, Stack Size: 98304, Semaphore: No, Sleep Time: 10, Looping: Yes.
[LOG] Thread::initThread                       : Init FMOD mixer thread. Affinity: 0x4000000000000001, Priority: 0xFFFF7FFA, Stack Size: 81920, Semaphore: No, Sleep Time: 0, Looping: Yes.
[LOG] AsyncManager::init                       : manager 000001F5441BD618 isAsync 0 updatePeriod 0.02
[LOG] AsyncManager::init                       : done
[LOG] PlaybackSystem::init                     : 
[LOG] Thread::initThread                       : Init FMOD Studio sample load thread. Affinity: 0x4000000000000003, Priority: 0xFFFF7FFD, Stack Size: 98304, Semaphore: No, Sleep Time: 1, Looping: No.
[LOG] PlaybackSystem::init                     : done
[LOG] Thread::initThread                       : Init FMOD Studio bank load thread. Affinity: 0x4000000000000003, Priority: 0xFFFF7FFD, Stack Size: 98304, Semaphore: No, Sleep Time: 1, Looping: No.
[LOG] Manager::init                            : done.
[LOG] Manager::readBank                        : fileversion = 142, compatVersion = 140 (oldest = 44, newest = 142)
[LOG] Manager::readBank                        : fileversion = 142, compatVersion = 140 (oldest = 44, newest = 142)
[LOG] Manager::readBank                        : fileversion = 142, compatVersion = 140 (oldest = 44, newest = 142)
[LOG] Manager::readBank                        : fileversion = 142, compatVersion = 140 (oldest = 44, newest = 142)
[LOG] Manager::readBank                        : fileversion = 142, compatVersion = 140 (oldest = 44, newest = 142)
[LOG] PlaybackSystem::acquireMasterBus         : Setting master channel group format to 6
[LOG] Manager::readBank                        : fileversion = 142, compatVersion = 140 (oldest = 44, newest = 142)
[LOG] Manager::readBank                        : fileversion = 142, compatVersion = 140 (oldest = 44, newest = 142)
[LOG] SystemI::createSoundInternal             : Create name='', mode=0x02000202
[LOG] SystemI::createSoundInternal             : exinfo->cbsize             = 224
[LOG] SystemI::createSoundInternal             : exinfo->length             = 6985184
[LOG] SystemI::createSoundInternal             : exinfo->fileoffset         = 52480
[LOG] SystemI::createSoundInternal             : exinfo->numsubsounds       = 1
[LOG] SystemI::createSoundInternal             : exinfo->inclusionlist      = 000000AC6605F388
[LOG] SystemI::createSoundInternal             : exinfo->inclusionlistnum   = 1
[LOG] SystemI::createSoundInternal             : exinfo->suggestedsoundtype = 5
[LOG] SystemI::createSoundInternal             : exinfo->useropen           = 00007FFCD4973FA0
[LOG] SystemI::createSoundInternal             : exinfo->userclose          = 00007FFCD4973F60
[LOG] SystemI::createSoundInternal             : exinfo->userread           = 00007FFCD4974080
[LOG] SystemI::createSoundInternal             : exinfo->userseek           = 00007FFCD4974140
[LOG] SystemI::createSoundInternal             : exinfo->fileuserdata       = 000001F524143948
[LOG] SystemI::createSoundInternal             : exinfo->initialseekpostype = 1
[LOG] SystemI::DSPCodecPoolRegister            : register codec pool for pool type 5
[LOG] SystemI::createSoundInternal             : Sample 0/1: name='ShelfClose-006', format=5, channels=2, frequency=48000, lengthbytes=8160, lengthpcm=76872, pcmblocksize=0, loopstart=0, loopend=0, mode=0x00000000, channelmask=0x00000000, channelorder=0, peakvolume=0.173615.
[LOG] SystemI::createSoundInternal             : Create name='', mode=0x02000202
[LOG] SystemI::createSoundInternal             : exinfo->cbsize             = 224
[LOG] SystemI::createSoundInternal             : exinfo->length             = 6985184
[LOG] SystemI::createSoundInternal             : exinfo->fileoffset         = 52480
[LOG] SystemI::createSoundInternal             : exinfo->numsubsounds       = 1
[LOG] SystemI::createSoundInternal             : exinfo->inclusionlist      = 000000AC6605F388
[LOG] SystemI::createSoundInternal             : exinfo->inclusionlistnum   = 1
[LOG] SystemI::createSoundInternal             : exinfo->suggestedsoundtype = 5
[LOG] SystemI::createSoundInternal             : exinfo->useropen           = 00007FFCD4973FA0
[LOG] SystemI::createSoundInternal             : exinfo->userclose          = 00007FFCD4973F60
[LOG] SystemI::createSoundInternal             : exinfo->userread           = 00007FFCD4974080
[LOG] SystemI::createSoundInternal             : exinfo->userseek           = 00007FFCD4974140
[LOG] SystemI::createSoundInternal             : exinfo->fileuserdata       = 000001F524143948
[LOG] SystemI::createSoundInternal             : exinfo->initialseekpostype = 1
[LOG] SystemI::DSPCodecPoolRegister            : register codec pool for pool type 5
[LOG] SystemI::createSoundInternal             : Sample 0/1: name='ShelfClose-005', format=5, channels=2, frequency=48000, lengthbytes=8256, lengthpcm=76872, pcmblocksize=0, loopstart=0, loopend=0, mode=0x00000000, channelmask=0x00000000, channelorder=0, peakvolume=0.922485.
[LOG] SystemI::createSoundInternal             : Create name='', mode=0x02000202
[LOG] SystemI::createSoundInternal             : exinfo->cbsize             = 224
[LOG] SystemI::createSoundInternal             : exinfo->length             = 6985184
[LOG] SystemI::createSoundInternal             : exinfo->fileoffset         = 52480
[LOG] SystemI::createSoundInternal             : exinfo->numsubsounds       = 1
[LOG] SystemI::createSoundInternal             : exinfo->inclusionlist      = 000000AC6605F388
[LOG] SystemI::createSoundInternal             : exinfo->inclusionlistnum   = 1
[LOG] SystemI::createSoundInternal             : exinfo->suggestedsoundtype = 5
[LOG] SystemI::createSoundInternal             : exinfo->useropen           = 00007FFCD4973FA0
[LOG] SystemI::createSoundInternal             : exinfo->userclose          = 00007FFCD4973F60
[LOG] SystemI::createSoundInternal             : exinfo->userread           = 00007FFCD4974080
[LOG] SystemI::createSoundInternal             : exinfo->userseek           = 00007FFCD4974140
[LOG] SystemI::createSoundInternal             : exinfo->fileuserdata       = 000001F524143948
[LOG] SystemI::createSoundInternal             : exinfo->initialseekpostype = 1
[LOG] SystemI::DSPCodecPoolRegister            : register codec pool for pool type 5
[LOG] SystemI::createSoundInternal             : Sample 0/1: name='ShelfClose-007', format=5, channels=2, frequency=48000, lengthbytes=8384, lengthpcm=76872, pcmblocksize=0, loopstart=0, loopend=0, mode=0x00000000, channelmask=0x00000000, channelorder=0, peakvolume=0.901154.
[LOG] SystemI::createSoundInternal             : Create name='', mode=0x02000202
[LOG] SystemI::createSoundInternal             : exinfo->cbsize             = 224
[LOG] SystemI::createSoundInternal             : exinfo->length             = 6985184
[LOG] SystemI::createSoundInternal             : exinfo->fileoffset         = 52480
[LOG] SystemI::createSoundInternal             : exinfo->numsubsounds       = 1
[LOG] SystemI::createSoundInternal             : exinfo->inclusionlist      = 000000AC6605F388
[LOG] SystemI::createSoundInternal             : exinfo->inclusionlistnum   = 1
[LOG] SystemI::createSoundInternal             : exinfo->suggestedsoundtype = 5
[LOG] SystemI::createSoundInternal             : exinfo->useropen           = 00007FFCD4973FA0
[LOG] SystemI::createSoundInternal             : exinfo->userclose          = 00007FFCD4973F60
[LOG] SystemI::createSoundInternal             : exinfo->userread           = 00007FFCD4974080
[LOG] SystemI::createSoundInternal             : exinfo->userseek           = 00007FFCD4974140
[LOG] SystemI::createSoundInternal             : exinfo->fileuserdata       = 000001F524143948
[LOG] SystemI::createSoundInternal             : exinfo->initialseekpostype = 1
[LOG] SystemI::DSPCodecPoolRegister            : register codec pool for pool type 5
[LOG] SystemI::createSoundInternal             : Sample 0/1: name='ShelfClose-003', format=5, channels=2, frequency=48000, lengthbytes=8288, lengthpcm=76872, pcmblocksize=0, loopstart=0, loopend=0, mode=0x00000000, channelmask=0x00000000, channelorder=0, peakvolume=0.899567.
[LOG] SystemI::createSoundInternal             : Create name='', mode=0x02000202
[LOG] SystemI::createSoundInternal             : exinfo->cbsize             = 224
[LOG] SystemI::createSoundInternal             : exinfo->length             = 6985184
[LOG] SystemI::createSoundInternal             : exinfo->fileoffset         = 52480
[LOG] SystemI::createSoundInternal             : exinfo->numsubsounds       = 1
[LOG] SystemI::createSoundInternal             : exinfo->inclusionlist      = 000000AC6605F388
[LOG] SystemI::createSoundInternal             : exinfo->inclusionlistnum   = 1
[LOG] SystemI::createSoundInternal             : exinfo->suggestedsoundtype = 5
[LOG] SystemI::createSoundInternal             : exinfo->useropen           = 00007FFCD4973FA0
[LOG] SystemI::createSoundInternal             : exinfo->userclose          = 00007FFCD4973F60
[LOG] SystemI::createSoundInternal             : exinfo->userread           = 00007FFCD4974080
[LOG] SystemI::createSoundInternal             : exinfo->userseek           = 00007FFCD4974140
[LOG] SystemI::createSoundInternal             : exinfo->fileuserdata       = 000001F524143948
[LOG] SystemI::createSoundInternal             : exinfo->initialseekpostype = 1
[LOG] SystemI::DSPCodecPoolRegister            : register codec pool for pool type 5
[LOG] SystemI::createSoundInternal             : Sample 0/1: name='ShelfClose-002', format=5, channels=2, frequency=48000, lengthbytes=8128, lengthpcm=76872, pcmblocksize=0, loopstart=0, loopend=0, mode=0x00000000, channelmask=0x00000000, channelorder=0, peakvolume=0.902344.
[LOG] SystemI::createSoundInternal             : Create name='', mode=0x02000202
[LOG] SystemI::createSoundInternal             : exinfo->cbsize             = 224
[LOG] SystemI::createSoundInternal             : exinfo->length             = 6985184
[LOG] SystemI::createSoundInternal             : exinfo->fileoffset         = 52480
[LOG] SystemI::createSoundInternal             : exinfo->numsubsounds       = 1
[LOG] SystemI::createSoundInternal             : exinfo->inclusionlist      = 000000AC6605F388
[LOG] SystemI::createSoundInternal             : exinfo->inclusionlistnum   = 1
[LOG] SystemI::createSoundInternal             : exinfo->suggestedsoundtype = 5
[LOG] SystemI::createSoundInternal             : exinfo->useropen           = 00007FFCD4973FA0
[LOG] SystemI::createSoundInternal             : exinfo->userclose          = 00007FFCD4973F60
[LOG] SystemI::createSoundInternal             : exinfo->userread           = 00007FFCD4974080
[LOG] SystemI::createSoundInternal             : exinfo->userseek           = 00007FFCD4974140
[LOG] SystemI::createSoundInternal             : exinfo->fileuserdata       = 000001F524143948
[LOG] SystemI::createSoundInternal             : exinfo->initialseekpostype = 1
[LOG] SystemI::DSPCodecPoolRegister            : register codec pool for pool type 5
[LOG] SystemI::createSoundInternal             : Sample 0/1: name='ShelfClose-004', format=5, channels=2, frequency=48000, lengthbytes=7904, lengthpcm=76872, pcmblocksize=0, loopstart=0, loopend=0, mode=0x00000000, channelmask=0x00000000, channelorder=0, peakvolume=0.101715.
[LOG] SystemI::createSoundInternal             : Create name='', mode=0x02000202
[LOG] SystemI::createSoundInternal             : exinfo->cbsize             = 224
[LOG] SystemI::createSoundInternal             : exinfo->length             = 6985184
[LOG] SystemI::createSoundInternal             : exinfo->fileoffset         = 52480
[LOG] SystemI::createSoundInternal             : exinfo->numsubsounds       = 1
[LOG] SystemI::createSoundInternal             : exinfo->inclusionlist      = 000000AC6605F388
[LOG] SystemI::createSoundInternal             : exinfo->inclusionlistnum   = 1
[LOG] SystemI::createSoundInternal             : exinfo->suggestedsoundtype = 5
[LOG] SystemI::createSoundInternal             : exinfo->useropen           = 00007FFCD4973FA0
[LOG] SystemI::createSoundInternal             : exinfo->userclose          = 00007FFCD4973F60
[LOG] SystemI::createSoundInternal             : exinfo->userread           = 00007FFCD4974080
[LOG] SystemI::createSoundInternal             : exinfo->userseek           = 00007FFCD4974140
[LOG] SystemI::createSoundInternal             : exinfo->fileuserdata       = 000001F524143948
[LOG] SystemI::createSoundInternal             : exinfo->initialseekpostype = 1
[LOG] SystemI::DSPCodecPoolRegister            : register codec pool for pool type 5
[LOG] SystemI::createSoundInternal             : Sample 0/1: name='ShelfClose-001', format=5, channels=2, frequency=48000, lengthbytes=8160, lengthpcm=76872, pcmblocksize=0, loopstart=0, loopend=0, mode=0x00000000, channelmask=0x00000000, channelorder=0, peakvolume=0.889740.
[LOG] SystemI::createSoundInternal             : Create name='', mode=0x02000202
[LOG] SystemI::createSoundInternal             : exinfo->cbsize             = 224
[LOG] SystemI::createSoundInternal             : exinfo->length             = 6985184
[LOG] SystemI::createSoundInternal             : exinfo->fileoffset         = 52480
[LOG] SystemI::createSoundInternal             : exinfo->numsubsounds       = 1
[LOG] SystemI::createSoundInternal             : exinfo->inclusionlist      = 000000AC6605F388
[LOG] SystemI::createSoundInternal             : exinfo->inclusionlistnum   = 1
[LOG] SystemI::createSoundInternal             : exinfo->suggestedsoundtype = 5
[LOG] SystemI::createSoundInternal             : exinfo->useropen           = 00007FFCD4973FA0
[LOG] SystemI::createSoundInternal             : exinfo->userclose          = 00007FFCD4973F60
[LOG] SystemI::createSoundInternal             : exinfo->userread           = 00007FFCD4974080
[LOG] SystemI::createSoundInternal             : exinfo->userseek           = 00007FFCD4974140
[LOG] SystemI::createSoundInternal             : exinfo->fileuserdata       = 000001F524143B58
[LOG] SystemI::createSoundInternal             : exinfo->initialseekpostype = 1
[LOG] SystemI::DSPCodecPoolRegister            : register codec pool for pool type 5
[LOG] SystemI::createSoundInternal             : Sample 0/1: name='shelf_open-002', format=5, channels=2, frequency=48000, lengthbytes=11392, lengthpcm=96000, pcmblocksize=0, loopstart=0, loopend=0, mode=0x00000000, channelmask=0x00000000, channelorder=0, peakvolume=0.099640.
[LOG] SystemI::createSoundInternal             : Create name='', mode=0x02000202
[LOG] SystemI::createSoundInternal             : exinfo->cbsize             = 224
[LOG] SystemI::createSoundInternal             : exinfo->length             = 6985184
[LOG] SystemI::createSoundInternal             : exinfo->fileoffset         = 52480
[LOG] SystemI::createSoundInternal             : exinfo->numsubsounds       = 1
[LOG] SystemI::createSoundInternal             : exinfo->inclusionlist      = 000000AC6605F388
[LOG] SystemI::createSoundInternal             : exinfo->inclusionlistnum   = 1
[LOG] SystemI::createSoundInternal             : exinfo->suggestedsoundtype = 5
[LOG] SystemI::createSoundInternal             : exinfo->useropen           = 00007FFCD4973FA0
[LOG] SystemI::createSoundInternal             : exinfo->userclose          = 00007FFCD4973F60
[LOG] SystemI::createSoundInternal             : exinfo->userread           = 00007FFCD4974080
[LOG] SystemI::createSoundInternal             : exinfo->userseek           = 00007FFCD4974140
[LOG] SystemI::createSoundInternal             : exinfo->fileuserdata       = 000001F524143B58
[LOG] SystemI::createSoundInternal             : exinfo->initialseekpostype = 1
[LOG] SystemI::DSPCodecPoolRegister            : register codec pool for pool type 5
[LOG] SystemI::createSoundInternal             : Sample 0/1: name='shelf_open-005', format=5, channels=2, frequency=48000, lengthbytes=11072, lengthpcm=96000, pcmblocksize=0, loopstart=0, loopend=0, mode=0x00000000, channelmask=0x00000000, channelorder=0, peakvolume=0.050079.
[LOG] SystemI::createSoundInternal             : Create name='', mode=0x02000202
[LOG] SystemI::createSoundInternal             : exinfo->cbsize             = 224
[LOG] SystemI::createSoundInternal             : exinfo->length             = 6985184
[LOG] SystemI::createSoundInternal             : exinfo->fileoffset         = 52480
[LOG] SystemI::createSoundInternal             : exinfo->numsubsounds       = 1
[LOG] SystemI::createSoundInternal             : exinfo->inclusionlist      = 000000AC6605F388
[LOG] SystemI::createSoundInternal             : exinfo->inclusionlistnum   = 1
[LOG] SystemI::createSoundInternal             : exinfo->suggestedsoundtype = 5
[LOG] SystemI::createSoundInternal             : exinfo->useropen           = 00007FFCD4973FA0
[LOG] SystemI::createSoundInternal             : exinfo->userclose          = 00007FFCD4973F60
[LOG] SystemI::createSoundInternal             : exinfo->userread           = 00007FFCD4974080
[LOG] SystemI::createSoundInternal             : exinfo->userseek           = 00007FFCD4974140
[LOG] SystemI::createSoundInternal             : exinfo->fileuserdata       = 000001F524143B58
[LOG] SystemI::createSoundInternal             : exinfo->initialseekpostype = 1
[LOG] SystemI::DSPCodecPoolRegister            : register codec pool for pool type 5
[LOG] SystemI::createSoundInternal             : Sample 0/1: name='shelf_open-006', format=5, channels=2, frequency=48000, lengthbytes=11136, lengthpcm=96000, pcmblocksize=0, loopstart=0, loopend=0, mode=0x00000000, channelmask=0x00000000, channelorder=0, peakvolume=0.092407.
[LOG] SystemI::createSoundInternal             : Create name='', mode=0x02000202
[LOG] SystemI::createSoundInternal             : exinfo->cbsize             = 224
[LOG] SystemI::createSoundInternal             : exinfo->length             = 6985184
[LOG] SystemI::createSoundInternal             : exinfo->fileoffset         = 52480
[LOG] SystemI::createSoundInternal             : exinfo->numsubsounds       = 1
[LOG] SystemI::createSoundInternal             : exinfo->inclusionlist      = 000000AC6605F388
[LOG] SystemI::createSoundInternal             : exinfo->inclusionlistnum   = 1
[LOG] SystemI::createSoundInternal             : exinfo->suggestedsoundtype = 5
[LOG] SystemI::createSoundInternal             : exinfo->useropen           = 00007FFCD4973FA0
[LOG] SystemI::createSoundInternal             : exinfo->userclose          = 00007FFCD4973F60
[LOG] SystemI::createSoundInternal             : exinfo->userread           = 00007FFCD4974080
[LOG] SystemI::createSoundInternal             : exinfo->userseek           = 00007FFCD4974140
[LOG] SystemI::createSoundInternal             : exinfo->fileuserdata       = 000001F524143B58
[LOG] SystemI::createSoundInternal             : exinfo->initialseekpostype = 1
[LOG] SystemI::DSPCodecPoolRegister            : register codec pool for pool type 5
[LOG] SystemI::createSoundInternal             : Sample 0/1: name='shelf_open-001', format=5, channels=2, frequency=48000, lengthbytes=11200, lengthpcm=96000, pcmblocksize=0, loopstart=0, loopend=0, mode=0x00000000, channelmask=0x00000000, channelorder=0, peakvolume=0.130676.
[LOG] SystemI::createSoundInternal             : Create name='', mode=0x02000202
[LOG] SystemI::createSoundInternal             : exinfo->cbsize             = 224
[LOG] SystemI::createSoundInternal             : exinfo->length             = 6985184
[LOG] SystemI::createSoundInternal             : exinfo->fileoffset         = 52480
[LOG] SystemI::createSoundInternal             : exinfo->numsubsounds       = 1
[LOG] SystemI::createSoundInternal             : exinfo->inclusionlist      = 000000AC6605F388
[LOG] SystemI::createSoundInternal             : exinfo->inclusionlistnum   = 1
[LOG] SystemI::createSoundInternal             : exinfo->suggestedsoundtype = 5
[LOG] SystemI::createSoundInternal             : exinfo->useropen           = 00007FFCD4973FA0
[LOG] SystemI::createSoundInternal             : exinfo->userclose          = 00007FFCD4973F60
[LOG] SystemI::createSoundInternal             : exinfo->userread           = 00007FFCD4974080
[LOG] SystemI::createSoundInternal             : exinfo->userseek           = 00007FFCD4974140
[LOG] SystemI::createSoundInternal             : exinfo->fileuserdata       = 000001F524143B58
[LOG] SystemI::createSoundInternal             : exinfo->initialseekpostype = 1
[LOG] SystemI::DSPCodecPoolRegister            : register codec pool for pool type 5
[LOG] SystemI::createSoundInternal             : Sample 0/1: name='shelf_open-003', format=5, channels=2, frequency=48000, lengthbytes=11296, lengthpcm=96000, pcmblocksize=0, loopstart=0, loopend=0, mode=0x00000000, channelmask=0x00000000, channelorder=0, peakvolume=0.097076.
[LOG] SystemI::createSoundInternal             : Create name='', mode=0x02000202
[LOG] SystemI::createSoundInternal             : exinfo->cbsize             = 224
[LOG] SystemI::createSoundInternal             : exinfo->length             = 6985184
[LOG] SystemI::createSoundInternal             : exinfo->fileoffset         = 52480
[LOG] SystemI::createSoundInternal             : exinfo->numsubsounds       = 1
[LOG] SystemI::createSoundInternal             : exinfo->inclusionlist      = 000000AC6605F388
[LOG] SystemI::createSoundInternal             : exinfo->inclusionlistnum   = 1
[LOG] SystemI::createSoundInternal             : exinfo->suggestedsoundtype = 5
[LOG] SystemI::createSoundInternal             : exinfo->useropen           = 00007FFCD4973FA0
[LOG] SystemI::createSoundInternal             : exinfo->userclose          = 00007FFCD4973F60
[LOG] SystemI::createSoundInternal             : exinfo->userread           = 00007FFCD4974080
[LOG] SystemI::createSoundInternal             : exinfo->userseek           = 00007FFCD4974140
[LOG] SystemI::createSoundInternal             : exinfo->fileuserdata       = 000001F524143B58
[LOG] SystemI::createSoundInternal             : exinfo->initialseekpostype = 1
[LOG] SystemI::DSPCodecPoolRegister            : register codec pool for pool type 5
[LOG] SystemI::createSoundInternal             : Sample 0/1: name='shelf_open-004', format=5, channels=2, frequency=48000, lengthbytes=10432, lengthpcm=96000, pcmblocksize=0, loopstart=0, loopend=0, mode=0x00000000, channelmask=0x00000000, channelorder=0, peakvolume=0.062500.
[LOG] SoundI::release                          :  (000001F52B39E358)
[LOG] SoundI::release                          :     ShelfClose-001 (000001F52A37D088)
[LOG] SoundI::release                          :  (000001F52B39E1E8)
[LOG] SoundI::release                          :     ShelfClose-002 (000001F52A37E748)
[LOG] SoundI::release                          :  (000001F52B3A0D08)
[LOG] SoundI::release                          :     ShelfClose-003 (000001F52A379468)
[LOG] SoundI::release                          :  (000001F52B3A1B68)
[LOG] SoundI::release                          :     ShelfClose-004 (000001F52A37B348)
[LOG] SoundI::release                          :  (000001F52B3A1CD8)
[LOG] SoundI::release                          :     ShelfClose-005 (000001F52A378768)
[LOG] SoundI::release                          :  (000001F52B39DD98)
[LOG] SoundI::release                          :     ShelfClose-006 (000001F52A37CBA8)
[LOG] SoundI::release                          :  (000001F52B39D4F8)
[LOG] SoundI::release                          :     ShelfClose-007 (000001F52A37E5A8)
[LOG] SoundI::release                          :  (000001F52B39D668)
[LOG] SoundI::release                          :     shelf_open-001 (000001F52A37B828)
[LOG] SoundI::release                          :  (000001F52B3A1E48)
[LOG] SoundI::release                          :     shelf_open-002 (000001F52A37D568)
[LOG] SoundI::release                          :  (000001F52B39F498)
[LOG] SoundI::release                          :     shelf_open-003 (000001F52A37FAC8)
[LOG] SoundI::release                          :  (000001F52B39E7A8)
[LOG] SoundI::release                          :     shelf_open-004 (000001F52A37EA88)
[LOG] SoundI::release                          :  (000001F52B39E4C8)
[LOG] SoundI::release                          :     shelf_open-005 (000001F52A37DA48)
[LOG] SoundI::release                          :  (000001F52B39E918)
[LOG] SoundI::release                          :     shelf_open-006 (000001F52A37CD48)
[LOG] Thread::callback                         : FMOD mixer thread finished.
[LOG] OutputWASAPI::init                       : Mix Format (WAVEFORMATEX): wFormatTag=0xFFFE, nChannels=2, nSamplesPerSec=48000, nAvgBytesPerSec=384000, nBlockAlign=8, wBitsPerSample=32, cbSize=22.
[LOG] OutputWASAPI::init                       : Mix Format (WAVEFORMATEXTENSIBLE): wValidBitsPerSample=32, dwChannelMask=0x00000003, SubFormat=00000003-0000-0010-8000-00AA00389B71.
[LOG] OutputWASAPI::init                       : Output buffer size: 4096 samples, latency: 0.00ms, period: 10.00ms, DSP buffer: 1024 * 4
[LOG] Thread::initThread                       : Init FMOD mixer thread. Affinity: 0x4000000000000001, Priority: 0xFFFF7FFA, Stack Size: 81920, Semaphore: No, Sleep Time: 0, Looping: Yes.
[LOG] Thread::callback                         : FMOD mixer thread finished.
[LOG] OutputWASAPI::init                       : Mix Format (WAVEFORMATEX): wFormatTag=0xFFFE, nChannels=2, nSamplesPerSec=48000, nAvgBytesPerSec=384000, nBlockAlign=8, wBitsPerSample=32, cbSize=22.
[LOG] OutputWASAPI::init                       : Mix Format (WAVEFORMATEXTENSIBLE): wValidBitsPerSample=32, dwChannelMask=0x00000003, SubFormat=00000003-0000-0010-8000-00AA00389B71.
[LOG] OutputWASAPI::init                       : Output buffer size: 4096 samples, latency: 0.00ms, period: 10.00ms, DSP buffer: 1024 * 4
[LOG] Thread::initThread                       : Init FMOD mixer thread. Affinity: 0x4000000000000001, Priority: 0xFFFF7FFA, Stack Size: 81920, Semaphore: No, Sleep Time: 0, Looping: Yes.
[LOG] Thread::callback                         : FMOD Studio bank load thread finished.
[LOG] Thread::callback                         : FMOD Studio sample load thread finished.
[LOG] LiveUpdate::release                      : 
[LOG] LiveUpdate::reset                        : Reset connection (reason Disconnected)
[LOG] Thread::callback                         : FMOD stream thread finished.
[LOG] Thread::callback                         : FMOD mixer thread finished.
[LOG] SystemI::close                           : Closed.
